#
# There is insufficient memory for the Java Runtime Environment to continue.
# Native memory allocation (mmap) failed to map 65011712 bytes for G1 virtual space
# Possible reasons:
#   The system is out of physical RAM or swap space
#   The process is running with CompressedOops enabled, and the Java Heap may be blocking the growth of the native heap
# Possible solutions:
#   Reduce memory load on the system
#   Increase physical memory or swap space
#   Check if swap backing store is full
#   Decrease Java heap size (-Xmx/-Xms)
#   Decrease number of Java threads
#   Decrease Java thread stack sizes (-Xss)
#   Set larger code cache with -XX:ReservedCodeCacheSize=
#   JVM is running with Unscaled Compressed Oops mode in which the Java heap is
#     placed in the first 4GB address space. The Java Heap base address is the
#     maximum limit for the native heap growth. Please use -XX:HeapBaseMinAddress
#     to set the Java Heap base and to place the Java Heap above 4GB virtual address.
# This output file may be truncated or incomplete.
#
#  Out of Memory Error (os_windows.cpp:3825), pid=8968, tid=5592
#
# JRE version:  (17.0.9+7) (build )
# Java VM: OpenJDK 64-Bit Server VM (17.0.9+7-b1000.46, mixed mode, sharing, tiered, compressed oops, compressed class ptrs, g1 gc, windows-amd64)
# No core dump will be written. Minidumps are not enabled by default on client versions of Windows
#

---------------  S U M M A R Y ------------

Command Line: git4idea.http.GitAskPassApp Username for 'https://github.com': 

Host: Intel(R) Celeron(R) CPU N3350 @ 1.10GHz, 2 cores, 3G,  Windows 10 , 64 bit Build 16299 (10.0.16299.431)
Time: Wed Jan 31 23:52:10 2024 Malay Peninsula Standard Time elapsed time: 0.057751 seconds (0d 0h 0m 0s)

---------------  T H R E A D  ---------------

Current thread (0x000001be0f65f7f0):  JavaThread "Unknown thread" [_thread_in_vm, id=5592, stack(0x000000ab97100000,0x000000ab97200000)]

Stack: [0x000000ab97100000,0x000000ab97200000]
Native frames: (J=compiled Java code, j=interpreted, Vv=VM code, C=native code)
V  [jvm.dll+0x6886e9]
V  [jvm.dll+0x841e4a]
V  [jvm.dll+0x843a8e]
V  [jvm.dll+0x8440f3]
V  [jvm.dll+0x24c14f]
V  [jvm.dll+0x685499]
V  [jvm.dll+0x679c2a]
V  [jvm.dll+0x30cf9b]
V  [jvm.dll+0x314446]
V  [jvm.dll+0x36425e]
V  [jvm.dll+0x36448f]
V  [jvm.dll+0x2e2d68]
V  [jvm.dll+0x2e3cd4]
V  [jvm.dll+0x8129f1]
V  [jvm.dll+0x3720c1]
V  [jvm.dll+0x7f152c]
V  [jvm.dll+0x3f5d4f]
V  [jvm.dll+0x3f7981]
C  [jli.dll+0x528f]
C  [ucrtbase.dll+0x1dab5]
C  [KERNEL32.DLL+0x11fe4]
C  [ntdll.dll+0x6cb31]


---------------  P R O C E S S  ---------------

Threads class SMR info:
_java_thread_list=0x00007ffb3e7fef18, length=0, elements={
}

Java Threads: ( => current thread )

Other Threads:
  0x000001be0f69c8c0 GCTaskThread "GC Thread#0" [stack: 0x000000ab97200000,0x000000ab97300000] [id=3512]
  0x000001be0f6a53d0 ConcurrentGCThread "G1 Main Marker" [stack: 0x000000ab97300000,0x000000ab97400000] [id=11516]
  0x000001be0f6a5df0 ConcurrentGCThread "G1 Conc#0" [stack: 0x000000ab97400000,0x000000ab97500000] [id=7184]

[error occurred during error reporting (printing all threads), id 0xc0000005, EXCEPTION_ACCESS_VIOLATION (0xc0000005) at pc=0x00007ffb3dfb3937]

VM state: not at safepoint (not fully initialized)

VM Mutex/Monitor currently owned by a thread:  ([mutex/lock_event])
[0x000001be0f65bf40] Heap_lock - owner thread: 0x000001be0f65f7f0

Heap address: 0x00000000c2200000, size: 990 MB, Compressed Oops mode: 32-bit

CDS archive(s) mapped at: [0x0000000000000000-0x0000000000000000-0x0000000000000000), size 0, SharedBaseAddress: 0x0000000800000000, ArchiveRelocationMode: 1.
Narrow klass base: 0x0000000000000000, Narrow klass shift: 0, Narrow klass range: 0x0

GC Precious Log:
<Empty>

Heap:
 garbage-first heap   total 0K, used 0K [0x00000000c2200000, 0x0000000100000000)
  region size 1024K, 0 young (0K), 0 survivors (0K)
 Metaspace       used 0K, committed 0K, reserved 0K
  class space    used 0K, committed 0K, reserved 0K

Heap Regions: E=young(eden), S=young(survivor), O=old, HS=humongous(starts), HC=humongous(continues), CS=collection set, F=free, OA=open archive, CA=closed archive, TAMS=top-at-mark-start (previous, next)

Card table byte_map: [0x000001be0f430000,0x000001be0f620000] _byte_map_base: 0x000001be0ee1f000

Marking Bits (Prev, Next): (CMBitMap*) 0x000001be0f69cee0, (CMBitMap*) 0x000001be0f69cf20
 Prev Bits: [0x000001be21fd0000, 0x000001be22f48000)
 Next Bits: [0x000001be22f50000, 0x000001be23ec8000)

GC Heap History (0 events):
No events

Dll operation events (1 events):
Event: 0.024 Loaded shared library D:\Downloads\PyCharm Community Edition 2023.2.2\PyCharm Community Edition 2023.2.5\jbr\bin\java.dll

Deoptimization events (0 events):
No events

Classes unloaded (0 events):
No events

Classes redefined (0 events):
No events

Internal exceptions (0 events):
No events

VM Operations (0 events):
No events

Events (0 events):
No events


Dynamic libraries:
0x00007ff63f3c0000 - 0x00007ff63f3ca000 	D:\Downloads\PyCharm Community Edition 2023.2.2\PyCharm Community Edition 2023.2.5\jbr\bin\java.exe
0x00007ffb763a0000 - 0x00007ffb76580000 	C:\Windows\SYSTEM32\ntdll.dll
0x00007ffb75dd0000 - 0x00007ffb75e7e000 	C:\Windows\System32\KERNEL32.DLL
0x00007ffb72c10000 - 0x00007ffb72e76000 	C:\Windows\System32\KERNELBASE.dll
0x00007ffb727a0000 - 0x00007ffb72895000 	C:\Windows\System32\ucrtbase.dll
0x00007ffb614d0000 - 0x00007ffb614e7000 	D:\Downloads\PyCharm Community Edition 2023.2.2\PyCharm Community Edition 2023.2.5\jbr\bin\jli.dll
0x00007ffb73b00000 - 0x00007ffb73c8f000 	C:\Windows\System32\USER32.dll
0x00007ffb73850000 - 0x00007ffb73870000 	C:\Windows\System32\win32u.dll
0x00007ffb73930000 - 0x00007ffb73958000 	C:\Windows\System32\GDI32.dll
0x00007ffb72950000 - 0x00007ffb72ae3000 	C:\Windows\System32\gdi32full.dll
0x00007ffb72b70000 - 0x00007ffb72c0b000 	C:\Windows\System32\msvcp_win.dll
0x00007ffb630c0000 - 0x00007ffb63329000 	C:\Windows\WinSxS\amd64_microsoft.windows.common-controls_6595b64144ccf1df_6.0.16299.611_none_15c7d8029365981f\COMCTL32.dll
0x00007ffb73ca0000 - 0x00007ffb73d3d000 	C:\Windows\System32\msvcrt.dll
0x00007ffb74120000 - 0x00007ffb74427000 	C:\Windows\System32\combase.dll
0x00007ffb761b0000 - 0x00007ffb762cf000 	C:\Windows\System32\RPCRT4.dll
0x00007ffb72af0000 - 0x00007ffb72b62000 	C:\Windows\System32\bcryptPrimitives.dll
0x00007ffb61650000 - 0x00007ffb6166b000 	D:\Downloads\PyCharm Community Edition 2023.2.2\PyCharm Community Edition 2023.2.5\jbr\bin\VCRUNTIME140.dll
0x00007ffb75e80000 - 0x00007ffb75ead000 	C:\Windows\System32\IMM32.DLL
0x00007ffb6f040000 - 0x00007ffb6f04c000 	D:\Downloads\PyCharm Community Edition 2023.2.2\PyCharm Community Edition 2023.2.5\jbr\bin\vcruntime140_1.dll
0x00007ffb4c3c0000 - 0x00007ffb4c44d000 	D:\Downloads\PyCharm Community Edition 2023.2.2\PyCharm Community Edition 2023.2.5\jbr\bin\msvcp140.dll
0x00007ffb3dcc0000 - 0x00007ffb3e943000 	D:\Downloads\PyCharm Community Edition 2023.2.2\PyCharm Community Edition 2023.2.5\jbr\bin\server\jvm.dll
0x00007ffb73e90000 - 0x00007ffb73f31000 	C:\Windows\System32\ADVAPI32.dll
0x00007ffb73f40000 - 0x00007ffb73f9b000 	C:\Windows\System32\sechost.dll
0x00007ffb72750000 - 0x00007ffb7279c000 	C:\Windows\System32\POWRPROF.dll
0x00007ffb5fef0000 - 0x00007ffb5fef9000 	C:\Windows\SYSTEM32\WSOCK32.dll
0x00007ffb744d0000 - 0x00007ffb7453c000 	C:\Windows\System32\WS2_32.dll
0x00007ffb6f110000 - 0x00007ffb6f133000 	C:\Windows\SYSTEM32\WINMM.dll
0x00007ffb6c650000 - 0x00007ffb6c65a000 	C:\Windows\SYSTEM32\VERSION.dll
0x00007ffb6f0e0000 - 0x00007ffb6f10a000 	C:\Windows\SYSTEM32\WINMMBASE.dll
0x00007ffb72ee0000 - 0x00007ffb72f2a000 	C:\Windows\System32\cfgmgr32.dll
0x00007ffb72730000 - 0x00007ffb72741000 	C:\Windows\System32\kernel.appcore.dll
0x00007ffb6d930000 - 0x00007ffb6d93a000 	D:\Downloads\PyCharm Community Edition 2023.2.2\PyCharm Community Edition 2023.2.5\jbr\bin\jimage.dll
0x00007ffb71200000 - 0x00007ffb713c8000 	C:\Windows\SYSTEM32\DBGHELP.DLL
0x00007ffb5ea00000 - 0x00007ffb5ea29000 	C:\Windows\SYSTEM32\dbgcore.DLL
0x00007ffb607d0000 - 0x00007ffb607f5000 	D:\Downloads\PyCharm Community Edition 2023.2.2\PyCharm Community Edition 2023.2.5\jbr\bin\java.dll

dbghelp: loaded successfully - version: 4.0.5 - missing functions: none
symbol engine: initialized successfully - sym options: 0x614 - pdb path: .;D:\Downloads\PyCharm Community Edition 2023.2.2\PyCharm Community Edition 2023.2.5\jbr\bin;C:\Windows\SYSTEM32;C:\Windows\WinSxS\amd64_microsoft.windows.common-controls_6595b64144ccf1df_6.0.16299.611_none_15c7d8029365981f;D:\Downloads\PyCharm Community Edition 2023.2.2\PyCharm Community Edition 2023.2.5\jbr\bin\server

VM Arguments:
java_command: git4idea.http.GitAskPassApp Username for 'https://github.com': 
java_class_path (initial): D:/Downloads/PyCharm Community Edition 2023.2.2/PyCharm Community Edition 2023.2.5/plugins/vcs-git/lib/git4idea-rt.jar;D:/Downloads/PyCharm Community Edition 2023.2.2/PyCharm Community Edition 2023.2.5/lib/externalProcess-rt.jar
Launcher Type: SUN_STANDARD

[Global flags]
     intx CICompilerCount                          = 2                                         {product} {ergonomic}
     uint ConcGCThreads                            = 1                                         {product} {ergonomic}
     uint G1ConcRefinementThreads                  = 2                                         {product} {ergonomic}
   size_t G1HeapRegionSize                         = 1048576                                   {product} {ergonomic}
    uintx GCDrainStackTargetSize                   = 64                                        {product} {ergonomic}
   size_t InitialHeapSize                          = 65011712                                  {product} {ergonomic}
   size_t MarkStackSize                            = 4194304                                   {product} {ergonomic}
   size_t MaxHeapSize                              = 1038090240                                {product} {ergonomic}
   size_t MinHeapDeltaBytes                        = 1048576                                   {product} {ergonomic}
   size_t MinHeapSize                              = 8388608                                   {product} {ergonomic}
    uintx NonNMethodCodeHeapSize                   = 5826188                                {pd product} {ergonomic}
    uintx NonProfiledCodeHeapSize                  = 122916026                              {pd product} {ergonomic}
    uintx ProfiledCodeHeapSize                     = 122916026                              {pd product} {ergonomic}
    uintx ReservedCodeCacheSize                    = 251658240                              {pd product} {ergonomic}
     bool SegmentedCodeCache                       = true                                      {product} {ergonomic}
   size_t SoftMaxHeapSize                          = 1038090240                             {manageable} {ergonomic}
     bool UseCompressedClassPointers               = true                           {product lp64_product} {ergonomic}
     bool UseCompressedOops                        = true                           {product lp64_product} {ergonomic}
     bool UseG1GC                                  = true                                      {product} {ergonomic}
     bool UseLargePagesIndividualAllocation        = false                                  {pd product} {ergonomic}

Logging:
Log output configuration:
 #0: stdout all=warning uptime,level,tags
 #1: stderr all=off uptime,level,tags

Environment Variables:
JAVA_HOME=D:\Downloads\jdk-19.0.1_windows-x64_bin.exe
PATH=D:\Downloads\Git\mingw64\libexec\git-core;D:\Downloads\Git\mingw64\libexec\git-core;D:\Downloads\Git\mingw64\bin;D:\Downloads\Git\usr\bin;C:\Users\Shari Grace\bin;C:\Program Files (x86)\Intel\TXE Components\iCLS;C:\Program Files\Intel\TXE Components\iCLS;C:\Windows\system32;C:\Windows;C:\Windows\System32\Wbem;C:\Windows\System32\WindowsPowerShell\v1.0;C:\Program Files\Intel\TXE Components\DAL;C:\Program Files (x86)\Intel\TXE Components\DAL;C:\Program Files\Intel\TXE Components\IPT;C:\Program Files (x86)\Intel\TXE Components\IPT;D:\Downloads\Git\cmd;D:\.m2\Scripts;D:\.m2;C:\Users\Shari Grace\AppData\Local\Microsoft\WindowsApps;D:\Downloads\PyCharm Community Edition 2023.2.2\PyCharm Community Edition 2023.2.5\bin
USERNAME=Shari Grace
DISPLAY=:0.0
LC_ALL=en_US.UTF-8
TERM=xterm-256color
TMPDIR=C:\Users\SHARIG~1\AppData\Local\Temp
OS=Windows_NT
PROCESSOR_IDENTIFIER=Intel64 Family 6 Model 92 Stepping 9, GenuineIntel
TMP=C:\Users\SHARIG~1\AppData\Local\Temp
TEMP=C:\Users\SHARIG~1\AppData\Local\Temp



Periodic native trim disabled

JNI global refs:
JNI global refs: 0, weak refs: 0

JNI global refs memory usage: 0, weak refs: 0

OOME stack traces (most recent first):
Classloader memory used:


---------------  S Y S T E M  ---------------

OS:
 Windows 10 , 64 bit Build 16299 (10.0.16299.431)
OS uptime: 0 days 7:30 hours

CPU: total 2 (initial active 2) (2 cores per cpu, 1 threads per core) family 6 model 92 stepping 9 microcode 0x32, cx8, cmov, fxsr, mmx, 3dnowpref, sse, sse2, sse3, ssse3, sse4.1, sse4.2, popcnt, tsc, tscinvbit, aes, erms, clmul, sha, clflush, clflushopt
Processor Information for all 2 processors :
  Max Mhz: 1101, Current Mhz: 1101, Mhz Limit: 1101

Memory: 4k page, system-wide physical 3959M (328M free)
TotalPageFile size 4009M (AvailPageFile size 23M)
current process WorkingSet (physical memory assigned to process): 10M, peak: 10M
current process commit charge ("private bytes"): 47M, peak: 109M

vm_info: OpenJDK 64-Bit Server VM (17.0.9+7-b1000.46) for windows-amd64 JRE (17.0.9+7-b1000.46), built on 2023-10-27 by "builduser" with MS VC++ 16.10 / 16.11 (VS2019)

END.
